800 kevo
2000 kevo
400 kevo
400 kevo
400 kevo
400 kevo
1200 kevo
1200 kevo
400 kevo
400 kevo
800 kevo
2400 kevo
2000 kevo
800 kevo
400 kevo
2000 kevo
800 kevo
400 kevo
2000 kevo
800 kevo
1200 kevo
800 kevo
2000 kevo
800 kevo
400 kevo
1200 kevo
1600 kevo
1200 kevo
3200 kevo
400 kevo
800 kevo
400 kevo
1600 kevo
800 kevo
1200 kevo
2400 kevo
1200 kevo
2000 kevo
1200 kevo
1200 kevo
2000 kevo
2000 kevo
800 kevo
1200 kevo
1200 kevo
1600 kevo
1600 kevo
800 kevo
1600 kevo
1200 kevo
1200 kevo
1200 kevo
1200 kevo
800 kevo
800 kevo
3600 kevo
400 kevo
400 kevo
800 kevo
4000 kevo
2000 kevo
2400 kevo
2000 kevo
800 kevo
2400 kevo
2000 kevo
1600 kevo
1200 kevo
800 kevo
1200 kevo
400 kevo
400 kevo
1200 kevo
1200 kevo
1200 kevo
400 kevo
2000 kevo
1200 kevo
1200 kevo
400 kevo
400 kevo
1600 kevo
1600 kevo
1200 kevo
400 kevo
1200 kevo
800 kevo
1200 kevo
400 kevo
1600 kevo
1600 kevo
400 kevo
1600 kevo
1200 kevo
2800 kevo
400 kevo
800 kevo
1200 kevo
400 kevo
1200 kevo
855 prs
147 prs
6780 prs
7550 prs
2005 prs
2220 prs
1156 prs
4608 prs
3684 prs
6298 prs
3178 prs
1416 prs
1434 prs
1845 prs
2638 prs
2482 prs
1356 prs
2449 prs
172 prs
1078 prs
12042 prs
4052 prs
4251 prs
1445 prs
1126 prs
6394 prs
1560 prs
4577 prs
513 prs
2779 prs
1753 prs
6404 prs
4808 prs
1928 prs
1017 prs
3866 prs
712 prs
202 prs
6524 prs
7874 prs
2852 prs
528 prs
11336 prs
964 prs
895 prs
351 prs
6107 prs
1263 prs
2630 prs
5097 prs
445 prs
20 prs
1106 prs
475 prs
778 prs
1023 prs
6562 prs
2214 prs
890 prs
3397 prs
7609 prs
5576 prs
1500 prs
2772 prs
684 prs
3114 prs
642 prs
3656 prs
422 prs
1467 prs
374 prs
2711 prs
7180 prs
2047 prs
923 prs
3466 prs
269 prs
288 prs
4031 prs
3622 prs
509 prs
896 prs
5217 prs
1525 prs
7087 prs
10399 prs
171 prs
1040 prs
2799 prs
7142 prs
82 prs
179 prs
2570 prs
1999 prs
2815 prs
1874 prs
331 prs
1939 prs
707 prs
1781 prs